# JRE version: OpenJDK Runtime Environment Temurin-21.0.11+10 (21.0.11+10) (build 21.0.11+10-LTS)
# Java VM: OpenJDK 64-Bit Server VM Temurin-21.0.11+10 (21.0.11+10-LTS, mixed mode, sharing, tiered, compressed oops, compressed class ptrs, parallel gc, windows-amd64)
GC Precious Log:
 CardTable entry size: 512
 CPUs: 8 total, 8 available
 Memory: 16144M
 Large Page Support: Disabled
 NUMA Support: Disabled
 Compressed Oops: Enabled (32-bit)
 Alignments: Space 512K, Generation 512K, Heap 2M
 Heap Min Capacity: 100M
 Heap Initial Capacity: 100M
 Heap Max Capacity: 2G
 Pre-touch: Disabled
 Parallel Workers: 8
Heap:
 PSYoungGen      total 7680K, used 6687K [0x00000000d5580000, 0x00000000d6280000, 0x0000000100000000)
  eden space 5120K, 89% used [0x00000000d5580000,0x00000000d59ff5d0,0x00000000d5a80000)
  from space 2560K, 81% used [0x00000000d6000000,0x00000000d62089f8,0x00000000d6280000)
  to   space 3072K, 0% used [0x00000000d5c80000,0x00000000d5c80000,0x00000000d5f80000)
 ParOldGen       total 353792K, used 122021K [0x0000000080000000, 0x0000000095980000, 0x00000000d5580000)
  object space 353792K, 34% used [0x0000000080000000,0x0000000087729478,0x0000000095980000)
 Metaspace       used 65960K, committed 67520K, reserved 1114112K
  class space    used 6499K, committed 7168K, reserved 1048576K
GC Heap History (20 events):
Event: 79409.293 GC heap before
{Heap before GC invocations=431 (full 4):
 PSYoungGen      total 7680K, used 6623K [0x00000000d5580000, 0x00000000d6080000, 0x0000000100000000)
  eden space 4096K, 99% used [0x00000000d5580000,0x00000000d597ccf8,0x00000000d5980000)
  from space 3584K, 70% used [0x00000000d5d00000,0x00000000d5f7b000,0x00000000d6080000)
  to   space 3584K, 0% used [0x00000000d5980000,0x00000000d5980000,0x00000000d5d00000)
 ParOldGen       total 353792K, used 101822K [0x0000000080000000, 0x0000000095980000, 0x00000000d5580000)
  object space 353792K, 28% used [0x0000000080000000,0x000000008636f950,0x0000000095980000)
 Metaspace       used 65891K, committed 67520K, reserved 1114112K
  class space    used 6496K, committed 7168K, reserved 1048576K
}
Event: 79409.303 GC heap after
{Heap after GC invocations=431 (full 4):
 PSYoungGen      total 7680K, used 3564K [0x00000000d5580000, 0x00000000d6780000, 0x0000000100000000)
  eden space 4096K, 0% used [0x00000000d5580000,0x00000000d5580000,0x00000000d5980000)
  from space 3584K, 99% used [0x00000000d5980000,0x00000000d5cfb290,0x00000000d5d00000)
  to   space 6656K, 0% used [0x00000000d6100000,0x00000000d6100000,0x00000000d6780000)
 ParOldGen       total 353792K, used 104188K [0x0000000080000000, 0x0000000095980000, 0x00000000d5580000)
  object space 353792K, 29% used [0x0000000080000000,0x00000000865bf150,0x0000000095980000)
 Metaspace       used 65891K, committed 67520K, reserved 1114112K
  class space    used 6496K, committed 7168K, reserved 1048576K
}
Event: 79409.323 GC heap before
{Heap before GC invocations=432 (full 4):
 PSYoungGen      total 7680K, used 7660K [0x00000000d5580000, 0x00000000d6780000, 0x0000000100000000)
  eden space 4096K, 100% used [0x00000000d5580000,0x00000000d5980000,0x00000000d5980000)
  from space 3584K, 99% used [0x00000000d5980000,0x00000000d5cfb290,0x00000000d5d00000)
  to   space 6656K, 0% used [0x00000000d6100000,0x00000000d6100000,0x00000000d6780000)
 ParOldGen       total 353792K, used 104188K [0x0000000080000000, 0x0000000095980000, 0x00000000d5580000)
  object space 353792K, 29% used [0x0000000080000000,0x00000000865bf150,0x0000000095980000)
 Metaspace       used 65894K, committed 67520K, reserved 1114112K
  class space    used 6496K, committed 7168K, reserved 1048576K
}
Event: 79409.334 GC heap after
{Heap after GC invocations=432 (full 4):
 PSYoungGen      total 6656K, used 1424K [0x00000000d5580000, 0x00000000d6280000, 0x0000000100000000)
  eden space 5120K, 0% used [0x00000000d5580000,0x00000000d5580000,0x00000000d5a80000)
  from space 1536K, 92% used [0x00000000d6100000,0x00000000d6264010,0x00000000d6280000)
  to   space 3072K, 0% used [0x00000000d5c80000,0x00000000d5c80000,0x00000000d5f80000)
 ParOldGen       total 353792K, used 107696K [0x0000000080000000, 0x0000000095980000, 0x00000000d5580000)
  object space 353792K, 30% used [0x0000000080000000,0x000000008692c3e0,0x0000000095980000)
 Metaspace       used 65894K, committed 67520K, reserved 1114112K
  class space    used 6496K, committed 7168K, reserved 1048576K
}
Event: 79409.382 GC heap before
{Heap before GC invocations=433 (full 4):
 PSYoungGen      total 6656K, used 6544K [0x00000000d5580000, 0x00000000d6280000, 0x0000000100000000)
  eden space 5120K, 100% used [0x00000000d5580000,0x00000000d5a80000,0x00000000d5a80000)
  from space 1536K, 92% used [0x00000000d6100000,0x00000000d6264010,0x00000000d6280000)
  to   space 3072K, 0% used [0x00000000d5c80000,0x00000000d5c80000,0x00000000d5f80000)
 ParOldGen       total 353792K, used 107696K [0x0000000080000000, 0x0000000095980000, 0x00000000d5580000)
  object space 353792K, 30% used [0x0000000080000000,0x000000008692c3e0,0x0000000095980000)
 Metaspace       used 65902K, committed 67520K, reserved 1114112K
  class space    used 6496K, committed 7168K, reserved 1048576K
}
Event: 79409.385 GC heap after
{Heap after GC invocations=433 (full 4):
 PSYoungGen      total 9216K, used 992K [0x00000000d5580000, 0x00000000d6180000, 0x0000000100000000)
  eden space 6144K, 0% used [0x00000000d5580000,0x00000000d5580000,0x00000000d5b80000)
  from space 3072K, 32% used [0x00000000d5c80000,0x00000000d5d78020,0x00000000d5f80000)
  to   space 1536K, 0% used [0x00000000d6000000,0x00000000d6000000,0x00000000d6180000)
 ParOldGen       total 353792K, used 108544K [0x0000000080000000, 0x0000000095980000, 0x00000000d5580000)
  object space 353792K, 30% used [0x0000000080000000,0x0000000086a003f0,0x0000000095980000)
 Metaspace       used 65902K, committed 67520K, reserved 1114112K
  class space    used 6496K, committed 7168K, reserved 1048576K
}
Event: 79536.568 GC heap before
{Heap before GC invocations=434 (full 4):
 PSYoungGen      total 9216K, used 7136K [0x00000000d5580000, 0x00000000d6180000, 0x0000000100000000)
  eden space 6144K, 100% used [0x00000000d5580000,0x00000000d5b80000,0x00000000d5b80000)
  from space 3072K, 32% used [0x00000000d5c80000,0x00000000d5d78020,0x00000000d5f80000)
  to   space 1536K, 0% used [0x00000000d6000000,0x00000000d6000000,0x00000000d6180000)
 ParOldGen       total 353792K, used 108544K [0x0000000080000000, 0x0000000095980000, 0x00000000d5580000)
  object space 353792K, 30% used [0x0000000080000000,0x0000000086a003f0,0x0000000095980000)
 Metaspace       used 65919K, committed 67520K, reserved 1114112K
  class space    used 6496K, committed 7168K, reserved 1048576K
}
Event: 79536.571 GC heap after
{Heap after GC invocations=434 (full 4):
 PSYoungGen      total 6656K, used 320K [0x00000000d5580000, 0x00000000d6080000, 0x0000000100000000)
  eden space 6144K, 0% used [0x00000000d5580000,0x00000000d5580000,0x00000000d5b80000)
  from space 512K, 62% used [0x00000000d6000000,0x00000000d6050000,0x00000000d6080000)
  to   space 1024K, 0% used [0x00000000d5e80000,0x00000000d5e80000,0x00000000d5f80000)
 ParOldGen       total 353792K, used 109311K [0x0000000080000000, 0x0000000095980000, 0x00000000d5580000)
  object space 353792K, 30% used [0x0000000080000000,0x0000000086abfc98,0x0000000095980000)
 Metaspace       used 65919K, committed 67520K, reserved 1114112K
  class space    used 6496K, committed 7168K, reserved 1048576K
}
Event: 79536.740 GC heap before
{Heap before GC invocations=435 (full 4):
 PSYoungGen      total 6656K, used 6393K [0x00000000d5580000, 0x00000000d6080000, 0x0000000100000000)
  eden space 6144K, 98% used [0x00000000d5580000,0x00000000d5b6e780,0x00000000d5b80000)
  from space 512K, 62% used [0x00000000d6000000,0x00000000d6050000,0x00000000d6080000)
  to   space 1024K, 0% used [0x00000000d5e80000,0x00000000d5e80000,0x00000000d5f80000)
 ParOldGen       total 353792K, used 109311K [0x0000000080000000, 0x0000000095980000, 0x00000000d5580000)
  object space 353792K, 30% used [0x0000000080000000,0x0000000086abfc98,0x0000000095980000)
 Metaspace       used 65937K, committed 67520K, reserved 1114112K
  class space    used 6499K, committed 7168K, reserved 1048576K
}
Event: 79536.743 GC heap after
{Heap after GC invocations=435 (full 4):
 PSYoungGen      total 7168K, used 998K [0x00000000d5580000, 0x00000000d6080000, 0x0000000100000000)
  eden space 6144K, 0% used [0x00000000d5580000,0x00000000d5580000,0x00000000d5b80000)
  from space 1024K, 97% used [0x00000000d5e80000,0x00000000d5f79918,0x00000000d5f80000)
  to   space 1024K, 0% used [0x00000000d5f80000,0x00000000d5f80000,0x00000000d6080000)
 ParOldGen       total 353792K, used 109788K [0x0000000080000000, 0x0000000095980000, 0x00000000d5580000)
  object space 353792K, 31% used [0x0000000080000000,0x0000000086b37148,0x0000000095980000)
 Metaspace       used 65937K, committed 67520K, reserved 1114112K
  class space    used 6499K, committed 7168K, reserved 1048576K
}
Event: 79536.773 GC heap before
{Heap before GC invocations=436 (full 4):
 PSYoungGen      total 7168K, used 7142K [0x00000000d5580000, 0x00000000d6080000, 0x0000000100000000)
  eden space 6144K, 100% used [0x00000000d5580000,0x00000000d5b80000,0x00000000d5b80000)
  from space 1024K, 97% used [0x00000000d5e80000,0x00000000d5f79918,0x00000000d5f80000)
  to   space 1024K, 0% used [0x00000000d5f80000,0x00000000d5f80000,0x00000000d6080000)
 ParOldGen       total 353792K, used 109788K [0x0000000080000000, 0x0000000095980000, 0x00000000d5580000)
  object space 353792K, 31% used [0x0000000080000000,0x0000000086b37148,0x0000000095980000)
 Metaspace       used 65939K, committed 67520K, reserved 1114112K
  class space    used 6499K, committed 7168K, reserved 1048576K
}
Event: 79536.792 GC heap after
{Heap after GC invocations=436 (full 4):
 PSYoungGen      total 4096K, used 1011K [0x00000000d5580000, 0x00000000d6980000, 0x0000000100000000)
  eden space 3072K, 0% used [0x00000000d5580000,0x00000000d5580000,0x00000000d5880000)
  from space 1024K, 98% used [0x00000000d5f80000,0x00000000d607cf70,0x00000000d6080000)
  to   space 7168K, 0% used [0x00000000d5880000,0x00000000d5880000,0x00000000d5f80000)
 ParOldGen       total 353792K, used 115038K [0x0000000080000000, 0x0000000095980000, 0x00000000d5580000)
  object space 353792K, 32% used [0x0000000080000000,0x0000000087057890,0x0000000095980000)
 Metaspace       used 65939K, committed 67520K, reserved 1114112K
  class space    used 6499K, committed 7168K, reserved 1048576K
}
Event: 79536.801 GC heap before
{Heap before GC invocations=437 (full 4):
 PSYoungGen      total 4096K, used 4083K [0x00000000d5580000, 0x00000000d6980000, 0x0000000100000000)
  eden space 3072K, 100% used [0x00000000d5580000,0x00000000d5880000,0x00000000d5880000)
  from space 1024K, 98% used [0x00000000d5f80000,0x00000000d607cf70,0x00000000d6080000)
  to   space 7168K, 0% used [0x00000000d5880000,0x00000000d5880000,0x00000000d5f80000)
 ParOldGen       total 353792K, used 115038K [0x0000000080000000, 0x0000000095980000, 0x00000000d5580000)
  object space 353792K, 32% used [0x0000000080000000,0x0000000087057890,0x0000000095980000)
 Metaspace       used 65939K, committed 67520K, reserved 1114112K
  class space    used 6499K, committed 7168K, reserved 1048576K
}
Event: 79536.804 GC heap after
{Heap after GC invocations=437 (full 4):
 PSYoungGen      total 5120K, used 1686K [0x00000000d5580000, 0x00000000d6080000, 0x0000000100000000)
  eden space 3072K, 0% used [0x00000000d5580000,0x00000000d5580000,0x00000000d5880000)
  from space 2048K, 82% used [0x00000000d5880000,0x00000000d5a25800,0x00000000d5a80000)
  to   space 3584K, 0% used [0x00000000d5d00000,0x00000000d5d00000,0x00000000d6080000)
 ParOldGen       total 353792K, used 116092K [0x0000000080000000, 0x0000000095980000, 0x00000000d5580000)
  object space 353792K, 32% used [0x0000000080000000,0x000000008715f218,0x0000000095980000)
 Metaspace       used 65939K, committed 67520K, reserved 1114112K
  class space    used 6499K, committed 7168K, reserved 1048576K
}
Event: 79536.820 GC heap before
{Heap before GC invocations=438 (full 4):
 PSYoungGen      total 5120K, used 4758K [0x00000000d5580000, 0x00000000d6080000, 0x0000000100000000)
  eden space 3072K, 100% used [0x00000000d5580000,0x00000000d5880000,0x00000000d5880000)
  from space 2048K, 82% used [0x00000000d5880000,0x00000000d5a25800,0x00000000d5a80000)
  to   space 3584K, 0% used [0x00000000d5d00000,0x00000000d5d00000,0x00000000d6080000)
 ParOldGen       total 353792K, used 116092K [0x0000000080000000, 0x0000000095980000, 0x00000000d5580000)
  object space 353792K, 32% used [0x0000000080000000,0x000000008715f218,0x0000000095980000)
 Metaspace       used 65940K, committed 67520K, reserved 1114112K
  class space    used 6499K, committed 7168K, reserved 1048576K
}
Event: 79536.826 GC heap after
{Heap after GC invocations=438 (full 4):
 PSYoungGen      total 6144K, used 1548K [0x00000000d5580000, 0x00000000d5f00000, 0x0000000100000000)
  eden space 4096K, 0% used [0x00000000d5580000,0x00000000d5580000,0x00000000d5980000)
  from space 2048K, 75% used [0x00000000d5d00000,0x00000000d5e83000,0x00000000d5f00000)
  to   space 2048K, 0% used [0x00000000d5b00000,0x00000000d5b00000,0x00000000d5d00000)
 ParOldGen       total 353792K, used 117292K [0x0000000080000000, 0x0000000095980000, 0x00000000d5580000)
  object space 353792K, 33% used [0x0000000080000000,0x000000008728b218,0x0000000095980000)
 Metaspace       used 65940K, committed 67520K, reserved 1114112K
  class space    used 6499K, committed 7168K, reserved 1048576K
}
Event: 79536.869 GC heap before
{Heap before GC invocations=439 (full 4):
 PSYoungGen      total 6144K, used 5635K [0x00000000d5580000, 0x00000000d5f00000, 0x0000000100000000)
  eden space 4096K, 99% used [0x00000000d5580000,0x00000000d597dc60,0x00000000d5980000)
  from space 2048K, 75% used [0x00000000d5d00000,0x00000000d5e83000,0x00000000d5f00000)
  to   space 2048K, 0% used [0x00000000d5b00000,0x00000000d5b00000,0x00000000d5d00000)
 ParOldGen       total 353792K, used 117292K [0x0000000080000000, 0x0000000095980000, 0x00000000d5580000)
  object space 353792K, 33% used [0x0000000080000000,0x000000008728b218,0x0000000095980000)
 Metaspace       used 65943K, committed 67520K, reserved 1114112K
  class space    used 6499K, committed 7168K, reserved 1048576K
}
Event: 79536.877 GC heap after
{Heap after GC invocations=439 (full 4):
 PSYoungGen      total 7168K, used 2022K [0x00000000d5580000, 0x00000000d6580000, 0x0000000100000000)
  eden space 5120K, 0% used [0x00000000d5580000,0x00000000d5580000,0x00000000d5a80000)
  from space 2048K, 98% used [0x00000000d5b00000,0x00000000d5cf9a90,0x00000000d5d00000)
  to   space 5632K, 0% used [0x00000000d6000000,0x00000000d6000000,0x00000000d6580000)
 ParOldGen       total 353792K, used 119956K [0x0000000080000000, 0x0000000095980000, 0x00000000d5580000)
  object space 353792K, 33% used [0x0000000080000000,0x00000000875252a8,0x0000000095980000)
 Metaspace       used 65943K, committed 67520K, reserved 1114112K
  class space    used 6499K, committed 7168K, reserved 1048576K
}
Event: 79537.076 GC heap before
{Heap before GC invocations=440 (full 4):
 PSYoungGen      total 7168K, used 7142K [0x00000000d5580000, 0x00000000d6580000, 0x0000000100000000)
  eden space 5120K, 100% used [0x00000000d5580000,0x00000000d5a80000,0x00000000d5a80000)
  from space 2048K, 98% used [0x00000000d5b00000,0x00000000d5cf9a90,0x00000000d5d00000)
  to   space 5632K, 0% used [0x00000000d6000000,0x00000000d6000000,0x00000000d6580000)
 ParOldGen       total 353792K, used 119956K [0x0000000080000000, 0x0000000095980000, 0x00000000d5580000)
  object space 353792K, 33% used [0x0000000080000000,0x00000000875252a8,0x0000000095980000)
 Metaspace       used 65949K, committed 67520K, reserved 1114112K
  class space    used 6499K, committed 7168K, reserved 1048576K
}
Event: 79537.082 GC heap after
{Heap after GC invocations=440 (full 4):
 PSYoungGen      total 7680K, used 2082K [0x00000000d5580000, 0x00000000d6280000, 0x0000000100000000)
  eden space 5120K, 0% used [0x00000000d5580000,0x00000000d5580000,0x00000000d5a80000)
  from space 2560K, 81% used [0x00000000d6000000,0x00000000d62089f8,0x00000000d6280000)
  to   space 3072K, 0% used [0x00000000d5c80000,0x00000000d5c80000,0x00000000d5f80000)
 ParOldGen       total 353792K, used 122021K [0x0000000080000000, 0x0000000095980000, 0x00000000d5580000)
  object space 353792K, 34% used [0x0000000080000000,0x0000000087729478,0x0000000095980000)
 Metaspace       used 65949K, committed 67520K, reserved 1114112K
  class space    used 6499K, committed 7168K, reserved 1048576K
}

