# JRE version: OpenJDK Runtime Environment Temurin-21.0.11+10 (21.0.11+10) (build 21.0.11+10-LTS)
# Java VM: OpenJDK 64-Bit Server VM Temurin-21.0.11+10 (21.0.11+10-LTS, mixed mode, sharing, tiered, compressed oops, compressed class ptrs, parallel gc, windows-amd64)
GC Precious Log:
 CardTable entry size: 512
 CPUs: 8 total, 8 available
 Memory: 16144M
 Large Page Support: Disabled
 NUMA Support: Disabled
 Compressed Oops: Enabled (32-bit)
 Alignments: Space 512K, Generation 512K, Heap 2M
 Heap Min Capacity: 100M
 Heap Initial Capacity: 100M
 Heap Max Capacity: 2G
 Pre-touch: Disabled
 Parallel Workers: 8
Heap:
 PSYoungGen      total 2560K, used 631K [0x00000000d5580000, 0x00000000d5900000, 0x0000000100000000)
  eden space 2048K, 19% used [0x00000000d5580000,0x00000000d55e5e88,0x00000000d5780000)
  from space 512K, 43% used [0x00000000d5780000,0x00000000d57b8000,0x00000000d5800000)
  to   space 512K, 0% used [0x00000000d5880000,0x00000000d5880000,0x00000000d5900000)
 ParOldGen       total 223232K, used 152916K [0x0000000080000000, 0x000000008da00000, 0x00000000d5580000)
  object space 223232K, 68% used [0x0000000080000000,0x0000000089555368,0x000000008da00000)
 Metaspace       used 65954K, committed 67456K, reserved 1114112K
  class space    used 6523K, committed 7232K, reserved 1048576K
GC Heap History (20 events):
Event: 2875.458 GC heap before
{Heap before GC invocations=370 (full 4):
 PSYoungGen      total 3584K, used 3232K [0x00000000d5580000, 0x00000000d5a00000, 0x0000000100000000)
  eden space 2560K, 100% used [0x00000000d5580000,0x00000000d5800000,0x00000000d5800000)
  from space 1024K, 65% used [0x00000000d5800000,0x00000000d58a8000,0x00000000d5900000)
  to   space 1024K, 0% used [0x00000000d5900000,0x00000000d5900000,0x00000000d5a00000)
 ParOldGen       total 223232K, used 149745K [0x0000000080000000, 0x000000008da00000, 0x00000000d5580000)
  object space 223232K, 67% used [0x0000000080000000,0x000000008923c798,0x000000008da00000)
 Metaspace       used 65870K, committed 67456K, reserved 1114112K
  class space    used 6515K, committed 7232K, reserved 1048576K
}
Event: 2875.460 GC heap after
{Heap after GC invocations=370 (full 4):
 PSYoungGen      total 3584K, used 496K [0x00000000d5580000, 0x00000000d5a00000, 0x0000000100000000)
  eden space 2560K, 0% used [0x00000000d5580000,0x00000000d5580000,0x00000000d5800000)
  from space 1024K, 48% used [0x00000000d5900000,0x00000000d597c010,0x00000000d5a00000)
  to   space 1024K, 0% used [0x00000000d5800000,0x00000000d5800000,0x00000000d5900000)
 ParOldGen       total 223232K, used 150289K [0x0000000080000000, 0x000000008da00000, 0x00000000d5580000)
  object space 223232K, 67% used [0x0000000080000000,0x00000000892c47a8,0x000000008da00000)
 Metaspace       used 65870K, committed 67456K, reserved 1114112K
  class space    used 6515K, committed 7232K, reserved 1048576K
}
Event: 2875.489 GC heap before
{Heap before GC invocations=371 (full 4):
 PSYoungGen      total 3584K, used 3056K [0x00000000d5580000, 0x00000000d5a00000, 0x0000000100000000)
  eden space 2560K, 100% used [0x00000000d5580000,0x00000000d5800000,0x00000000d5800000)
  from space 1024K, 48% used [0x00000000d5900000,0x00000000d597c010,0x00000000d5a00000)
  to   space 1024K, 0% used [0x00000000d5800000,0x00000000d5800000,0x00000000d5900000)
 ParOldGen       total 223232K, used 150289K [0x0000000080000000, 0x000000008da00000, 0x00000000d5580000)
  object space 223232K, 67% used [0x0000000080000000,0x00000000892c47a8,0x000000008da00000)
 Metaspace       used 65873K, committed 67456K, reserved 1114112K
  class space    used 6515K, committed 7232K, reserved 1048576K
}
Event: 2875.492 GC heap after
{Heap after GC invocations=371 (full 4):
 PSYoungGen      total 3584K, used 832K [0x00000000d5580000, 0x00000000d5a00000, 0x0000000100000000)
  eden space 2560K, 0% used [0x00000000d5580000,0x00000000d5580000,0x00000000d5800000)
  from space 1024K, 81% used [0x00000000d5800000,0x00000000d58d0000,0x00000000d5900000)
  to   space 1024K, 0% used [0x00000000d5900000,0x00000000d5900000,0x00000000d5a00000)
 ParOldGen       total 223232K, used 150705K [0x0000000080000000, 0x000000008da00000, 0x00000000d5580000)
  object space 223232K, 67% used [0x0000000080000000,0x000000008932c7b8,0x000000008da00000)
 Metaspace       used 65873K, committed 67456K, reserved 1114112K
  class space    used 6515K, committed 7232K, reserved 1048576K
}
Event: 2875.526 GC heap before
{Heap before GC invocations=372 (full 4):
 PSYoungGen      total 3584K, used 3391K [0x00000000d5580000, 0x00000000d5a00000, 0x0000000100000000)
  eden space 2560K, 99% used [0x00000000d5580000,0x00000000d57ffff8,0x00000000d5800000)
  from space 1024K, 81% used [0x00000000d5800000,0x00000000d58d0000,0x00000000d5900000)
  to   space 1024K, 0% used [0x00000000d5900000,0x00000000d5900000,0x00000000d5a00000)
 ParOldGen       total 223232K, used 150705K [0x0000000080000000, 0x000000008da00000, 0x00000000d5580000)
  object space 223232K, 67% used [0x0000000080000000,0x000000008932c7b8,0x000000008da00000)
 Metaspace       used 65873K, committed 67456K, reserved 1114112K
  class space    used 6515K, committed 7232K, reserved 1048576K
}
Event: 2875.532 GC heap after
{Heap after GC invocations=372 (full 4):
 PSYoungGen      total 3584K, used 720K [0x00000000d5580000, 0x00000000d5a00000, 0x0000000100000000)
  eden space 2560K, 0% used [0x00000000d5580000,0x00000000d5580000,0x00000000d5800000)
  from space 1024K, 70% used [0x00000000d5900000,0x00000000d59b4010,0x00000000d5a00000)
  to   space 1024K, 0% used [0x00000000d5800000,0x00000000d5800000,0x00000000d5900000)
 ParOldGen       total 223232K, used 151433K [0x0000000080000000, 0x000000008da00000, 0x00000000d5580000)
  object space 223232K, 67% used [0x0000000080000000,0x00000000893e27b8,0x000000008da00000)
 Metaspace       used 65873K, committed 67456K, reserved 1114112K
  class space    used 6515K, committed 7232K, reserved 1048576K
}
Event: 2898.036 GC heap before
{Heap before GC invocations=373 (full 4):
 PSYoungGen      total 3584K, used 3280K [0x00000000d5580000, 0x00000000d5a00000, 0x0000000100000000)
  eden space 2560K, 100% used [0x00000000d5580000,0x00000000d5800000,0x00000000d5800000)
  from space 1024K, 70% used [0x00000000d5900000,0x00000000d59b4010,0x00000000d5a00000)
  to   space 1024K, 0% used [0x00000000d5800000,0x00000000d5800000,0x00000000d5900000)
 ParOldGen       total 223232K, used 151433K [0x0000000080000000, 0x000000008da00000, 0x00000000d5580000)
  object space 223232K, 67% used [0x0000000080000000,0x00000000893e27b8,0x000000008da00000)
 Metaspace       used 65894K, committed 67456K, reserved 1114112K
  class space    used 6518K, committed 7232K, reserved 1048576K
}
Event: 2898.038 GC heap after
{Heap after GC invocations=373 (full 4):
 PSYoungGen      total 3584K, used 384K [0x00000000d5580000, 0x00000000d5a00000, 0x0000000100000000)
  eden space 2560K, 0% used [0x00000000d5580000,0x00000000d5580000,0x00000000d5800000)
  from space 1024K, 37% used [0x00000000d5800000,0x00000000d5860000,0x00000000d5900000)
  to   space 1024K, 0% used [0x00000000d5900000,0x00000000d5900000,0x00000000d5a00000)
 ParOldGen       total 223232K, used 151921K [0x0000000080000000, 0x000000008da00000, 0x00000000d5580000)
  object space 223232K, 68% used [0x0000000080000000,0x000000008945c7c8,0x000000008da00000)
 Metaspace       used 65894K, committed 67456K, reserved 1114112K
  class space    used 6518K, committed 7232K, reserved 1048576K
}
Event: 2944.141 GC heap before
{Heap before GC invocations=374 (full 4):
 PSYoungGen      total 3584K, used 2944K [0x00000000d5580000, 0x00000000d5a00000, 0x0000000100000000)
  eden space 2560K, 100% used [0x00000000d5580000,0x00000000d5800000,0x00000000d5800000)
  from space 1024K, 37% used [0x00000000d5800000,0x00000000d5860000,0x00000000d5900000)
  to   space 1024K, 0% used [0x00000000d5900000,0x00000000d5900000,0x00000000d5a00000)
 ParOldGen       total 223232K, used 151921K [0x0000000080000000, 0x000000008da00000, 0x00000000d5580000)
  object space 223232K, 68% used [0x0000000080000000,0x000000008945c7c8,0x000000008da00000)
 Metaspace       used 65917K, committed 67456K, reserved 1114112K
  class space    used 6523K, committed 7232K, reserved 1048576K
}
Event: 2944.146 GC heap after
{Heap after GC invocations=374 (full 4):
 PSYoungGen      total 3072K, used 1020K [0x00000000d5580000, 0x00000000d5b00000, 0x0000000100000000)
  eden space 2048K, 0% used [0x00000000d5580000,0x00000000d5580000,0x00000000d5780000)
  from space 1024K, 99% used [0x00000000d5900000,0x00000000d59ff318,0x00000000d5a00000)
  to   space 1536K, 0% used [0x00000000d5780000,0x00000000d5780000,0x00000000d5900000)
 ParOldGen       total 223232K, used 152217K [0x0000000080000000, 0x000000008da00000, 0x00000000d5580000)
  object space 223232K, 68% used [0x0000000080000000,0x00000000894a67d8,0x000000008da00000)
 Metaspace       used 65917K, committed 67456K, reserved 1114112K
  class space    used 6523K, committed 7232K, reserved 1048576K
}
Event: 2944.235 GC heap before
{Heap before GC invocations=375 (full 4):
 PSYoungGen      total 3072K, used 3068K [0x00000000d5580000, 0x00000000d5b00000, 0x0000000100000000)
  eden space 2048K, 99% used [0x00000000d5580000,0x00000000d577ffc8,0x00000000d5780000)
  from space 1024K, 99% used [0x00000000d5900000,0x00000000d59ff318,0x00000000d5a00000)
  to   space 1536K, 0% used [0x00000000d5780000,0x00000000d5780000,0x00000000d5900000)
 ParOldGen       total 223232K, used 152217K [0x0000000080000000, 0x000000008da00000, 0x00000000d5580000)
  object space 223232K, 68% used [0x0000000080000000,0x00000000894a67d8,0x000000008da00000)
 Metaspace       used 65920K, committed 67456K, reserved 1114112K
  class space    used 6523K, committed 7232K, reserved 1048576K
}
Event: 2944.237 GC heap after
{Heap after GC invocations=375 (full 4):
 PSYoungGen      total 2560K, used 376K [0x00000000d5580000, 0x00000000d5980000, 0x0000000100000000)
  eden space 2048K, 0% used [0x00000000d5580000,0x00000000d5580000,0x00000000d5780000)
  from space 512K, 73% used [0x00000000d5780000,0x00000000d57de330,0x00000000d5800000)
  to   space 1024K, 0% used [0x00000000d5880000,0x00000000d5880000,0x00000000d5980000)
 ParOldGen       total 223232K, used 152620K [0x0000000080000000, 0x000000008da00000, 0x00000000d5580000)
  object space 223232K, 68% used [0x0000000080000000,0x000000008950b038,0x000000008da00000)
 Metaspace       used 65920K, committed 67456K, reserved 1114112K
  class space    used 6523K, committed 7232K, reserved 1048576K
}
Event: 2978.071 GC heap before
{Heap before GC invocations=376 (full 4):
 PSYoungGen      total 2560K, used 2424K [0x00000000d5580000, 0x00000000d5980000, 0x0000000100000000)
  eden space 2048K, 100% used [0x00000000d5580000,0x00000000d5780000,0x00000000d5780000)
  from space 512K, 73% used [0x00000000d5780000,0x00000000d57de330,0x00000000d5800000)
  to   space 1024K, 0% used [0x00000000d5880000,0x00000000d5880000,0x00000000d5980000)
 ParOldGen       total 223232K, used 152620K [0x0000000080000000, 0x000000008da00000, 0x00000000d5580000)
  object space 223232K, 68% used [0x0000000080000000,0x000000008950b038,0x000000008da00000)
 Metaspace       used 65935K, committed 67456K, reserved 1114112K
  class space    used 6523K, committed 7232K, reserved 1048576K
}
Event: 2978.073 GC heap after
{Heap after GC invocations=376 (full 4):
 PSYoungGen      total 2560K, used 256K [0x00000000d5580000, 0x00000000d5900000, 0x0000000100000000)
  eden space 2048K, 0% used [0x00000000d5580000,0x00000000d5580000,0x00000000d5780000)
  from space 512K, 50% used [0x00000000d5880000,0x00000000d58c0000,0x00000000d5900000)
  to   space 512K, 0% used [0x00000000d5780000,0x00000000d5780000,0x00000000d5800000)
 ParOldGen       total 223232K, used 152764K [0x0000000080000000, 0x000000008da00000, 0x00000000d5580000)
  object space 223232K, 68% used [0x0000000080000000,0x000000008952f368,0x000000008da00000)
 Metaspace       used 65935K, committed 67456K, reserved 1114112K
  class space    used 6523K, committed 7232K, reserved 1048576K
}
Event: 3132.287 GC heap before
{Heap before GC invocations=377 (full 4):
 PSYoungGen      total 2560K, used 2303K [0x00000000d5580000, 0x00000000d5900000, 0x0000000100000000)
  eden space 2048K, 99% used [0x00000000d5580000,0x00000000d577fff8,0x00000000d5780000)
  from space 512K, 50% used [0x00000000d5880000,0x00000000d58c0000,0x00000000d5900000)
  to   space 512K, 0% used [0x00000000d5780000,0x00000000d5780000,0x00000000d5800000)
 ParOldGen       total 223232K, used 152764K [0x0000000080000000, 0x000000008da00000, 0x00000000d5580000)
  object space 223232K, 68% used [0x0000000080000000,0x000000008952f368,0x000000008da00000)
 Metaspace       used 65945K, committed 67456K, reserved 1114112K
  class space    used 6523K, committed 7232K, reserved 1048576K
}
Event: 3132.288 GC heap after
{Heap after GC invocations=377 (full 4):
 PSYoungGen      total 2560K, used 224K [0x00000000d5580000, 0x00000000d5900000, 0x0000000100000000)
  eden space 2048K, 0% used [0x00000000d5580000,0x00000000d5580000,0x00000000d5780000)
  from space 512K, 43% used [0x00000000d5780000,0x00000000d57b8000,0x00000000d5800000)
  to   space 512K, 0% used [0x00000000d5880000,0x00000000d5880000,0x00000000d5900000)
 ParOldGen       total 223232K, used 152828K [0x0000000080000000, 0x000000008da00000, 0x00000000d5580000)
  object space 223232K, 68% used [0x0000000080000000,0x000000008953f368,0x000000008da00000)
 Metaspace       used 65945K, committed 67456K, reserved 1114112K
  class space    used 6523K, committed 7232K, reserved 1048576K
}
Event: 4498.638 GC heap before
{Heap before GC invocations=378 (full 4):
 PSYoungGen      total 2560K, used 2272K [0x00000000d5580000, 0x00000000d5900000, 0x0000000100000000)
  eden space 2048K, 100% used [0x00000000d5580000,0x00000000d5780000,0x00000000d5780000)
  from space 512K, 43% used [0x00000000d5780000,0x00000000d57b8000,0x00000000d5800000)
  to   space 512K, 0% used [0x00000000d5880000,0x00000000d5880000,0x00000000d5900000)
 ParOldGen       total 223232K, used 152828K [0x0000000080000000, 0x000000008da00000, 0x00000000d5580000)
  object space 223232K, 68% used [0x0000000080000000,0x000000008953f368,0x000000008da00000)
 Metaspace       used 65950K, committed 67456K, reserved 1114112K
  class space    used 6523K, committed 7232K, reserved 1048576K
}
Event: 4498.680 GC heap after
{Heap after GC invocations=378 (full 4):
 PSYoungGen      total 2560K, used 224K [0x00000000d5580000, 0x00000000d5900000, 0x0000000100000000)
  eden space 2048K, 0% used [0x00000000d5580000,0x00000000d5580000,0x00000000d5780000)
  from space 512K, 43% used [0x00000000d5880000,0x00000000d58b8000,0x00000000d5900000)
  to   space 512K, 0% used [0x00000000d5780000,0x00000000d5780000,0x00000000d5800000)
 ParOldGen       total 223232K, used 152876K [0x0000000080000000, 0x000000008da00000, 0x00000000d5580000)
  object space 223232K, 68% used [0x0000000080000000,0x000000008954b368,0x000000008da00000)
 Metaspace       used 65950K, committed 67456K, reserved 1114112K
  class space    used 6523K, committed 7232K, reserved 1048576K
}
Event: 5471.485 GC heap before
{Heap before GC invocations=379 (full 4):
 PSYoungGen      total 2560K, used 2271K [0x00000000d5580000, 0x00000000d5900000, 0x0000000100000000)
  eden space 2048K, 99% used [0x00000000d5580000,0x00000000d577ffd0,0x00000000d5780000)
  from space 512K, 43% used [0x00000000d5880000,0x00000000d58b8000,0x00000000d5900000)
  to   space 512K, 0% used [0x00000000d5780000,0x00000000d5780000,0x00000000d5800000)
 ParOldGen       total 223232K, used 152876K [0x0000000080000000, 0x000000008da00000, 0x00000000d5580000)
  object space 223232K, 68% used [0x0000000080000000,0x000000008954b368,0x000000008da00000)
 Metaspace       used 65954K, committed 67456K, reserved 1114112K
  class space    used 6523K, committed 7232K, reserved 1048576K
}
Event: 5471.522 GC heap after
{Heap after GC invocations=379 (full 4):
 PSYoungGen      total 2560K, used 224K [0x00000000d5580000, 0x00000000d5900000, 0x0000000100000000)
  eden space 2048K, 0% used [0x00000000d5580000,0x00000000d5580000,0x00000000d5780000)
  from space 512K, 43% used [0x00000000d5780000,0x00000000d57b8000,0x00000000d5800000)
  to   space 512K, 0% used [0x00000000d5880000,0x00000000d5880000,0x00000000d5900000)
 ParOldGen       total 223232K, used 152916K [0x0000000080000000, 0x000000008da00000, 0x00000000d5580000)
  object space 223232K, 68% used [0x0000000080000000,0x0000000089555368,0x000000008da00000)
 Metaspace       used 65954K, committed 67456K, reserved 1114112K
  class space    used 6523K, committed 7232K, reserved 1048576K
}

